<?xml version="1.0" encoding="UTF-8"?>
<!-- Generated by org.testng.reporters.JUnitXMLReporter -->
<testsuite hostname="Arati-PC" ignored="0" name="Default test" tests="14" failures="0" timestamp="28 Aug 2017 12:20:17 GMT" time="468.427" errors="0">
  <testcase name="ManageSystems" time="3.008" classname="purchase_Admin.CatalogueItemsTest"/>
  <testcase name="OverwriteCopyItems__Spare" time="84.39" classname="purchase_Admin.CatalogueItemsTest"/>
  <testcase name="SearchOverwriteCopyItems__Spare" time="27.42" classname="purchase_Admin.CatalogueItemsTest"/>
  <testcase name="MoveItems__Spare" time="85.722" classname="purchase_Admin.CatalogueItemsTest"/>
  <testcase name="SearchMoveItems__Spare" time="25.35" classname="purchase_Admin.CatalogueItemsTest"/>
  <testcase name="DeleteStoresItem__Spare" time="30.348" classname="purchase_Admin.CatalogueItemsTest"/>
  <testcase name="SearchDeletedStoresItem__Spare" time="29.331" classname="purchase_Admin.CatalogueItemsTest"/>
  <testcase name="RestoreStoresItem__Spare" time="29.196" classname="purchase_Admin.CatalogueItemsTest"/>
  <testcase name="SearchRestoredStoresItem__Spare" time="29.199" classname="purchase_Admin.CatalogueItemsTest"/>
  <testcase name="DeleteSubCatalogue__Spare" time="28.076" classname="purchase_Admin.CatalogueItemsTest"/>
  <testcase name="DeleteCatalogue__Spare" time="27.919" classname="purchase_Admin.CatalogueItemsTest"/>
  <testcase name="SearchDeleteCatalogue" time="17.826" classname="purchase_Admin.CatalogueItemsTest"/>
  <testcase name="RestoreCatalogue__Spare" time="30.002" classname="purchase_Admin.CatalogueItemsTest"/>
  <testcase name="SearchRestoredCatalogue__Spare" time="19.854" classname="purchase_Admin.CatalogueItemsTest"/>
</testsuite> <!-- Default test -->
